<?xml version="1.0" encoding="UTF-8"?>
<!-- Generated by org.testng.reporters.JUnitReportReporter -->
<testsuite skipped="0" hostname="DESKTOP-77T8OHD" name="com.bank.AppTest" tests="1" failures="0" timestamp="16 Dec 2021 01:29:39 GMT" time="0.013" errors="0">
  <testcase name="shouldAnswerWithTrue" time="0.013" classname="com.bank.AppTest"/>
</testsuite> <!-- com.bank.AppTest -->
